<?xml version="1.0" encoding="UTF-8"?>
<!-- Generated by org.testng.reporters.JUnitReportReporter -->
<testsuite hostname="Harry-Sindhia" failures="0" tests="1" name="SeleniumFramework.StandAloneTest" time="16.031" errors="0" timestamp="2025-08-08T12:28:14 IST" skipped="0">
  <testcase classname="SeleniumFramework.StandAloneTest" name="purchaseProduct" time="16.031"/>
</testsuite> <!-- SeleniumFramework.StandAloneTest -->
