<?xml version="1.0" encoding="UTF-8"?>
<!-- Generated by org.testng.reporters.JUnitReportReporter -->
<testsuite hostname="Harry-Sindhia" failures="0" tests="1" name="seleniumFramework.RegisterUser" time="8.384" errors="0" timestamp="2025-08-26T12:13:50 IST" skipped="0">
  <testcase classname="seleniumFramework.RegisterUser" name="userRegister" time="8.384"/>
</testsuite> <!-- seleniumFramework.RegisterUser -->
