<?xml version="1.0" encoding="UTF-8"?>
<!-- Generated by org.testng.reporters.JUnitReportReporter -->
<testsuite hostname="Harry-Sindhia" failures="0" tests="1" name="seleniumFramework.ErrorValidationTest" time="17.935" errors="0" timestamp="2025-08-30T12:03:09 IST" skipped="0">
  <testcase classname="seleniumFramework.ErrorValidationTest" name="loginErrorValidation" time="17.935"/>
</testsuite> <!-- seleniumFramework.ErrorValidationTest -->
