<?xml version="1.0" encoding="UTF-8"?>
<!-- Generated by org.testng.reporters.JUnitReportReporter -->
<testsuite hostname="Harry-Sindhia" failures="0" tests="2" name="seleniumFramework.SubmitOrderTest" time="101.707" errors="0" timestamp="2025-08-30T12:03:09 IST" skipped="0">
  <testcase classname="seleniumFramework.SubmitOrderTest" name="submitOrder" time="50.850"/>
  <testcase classname="seleniumFramework.SubmitOrderTest" name="submitOrder" time="50.857"/>
</testsuite> <!-- seleniumFramework.SubmitOrderTest -->
