<?xml version="1.0" encoding="UTF-8"?>
<!-- Generated by org.testng.reporters.JUnitReportReporter -->
<testsuite hostname="Harry-Sindhia" failures="0" tests="1" name="SeleniumFramework.StandAloneTestMultiple" time="40.901" errors="0" timestamp="2025-08-13T15:04:29 IST" skipped="0">
  <testcase classname="SeleniumFramework.StandAloneTestMultiple" name="submitOrder" time="40.901"/>
</testsuite> <!-- SeleniumFramework.StandAloneTestMultiple -->
