<?xml version="1.0" encoding="UTF-8"?>
<!-- Generated by org.testng.reporters.JUnitReportReporter -->
<testsuite hostname="Harry-Sindhia" failures="0" tests="1" name="seleniumFramework.ErrorValidationTest" time="54.295" errors="0" timestamp="2025-08-30T16:29:02 IST" skipped="0">
  <testcase classname="seleniumFramework.ErrorValidationTest" name="loginErrorValidation" time="54.295"/>
</testsuite> <!-- seleniumFramework.ErrorValidationTest -->
