<?xml version="1.0" encoding="UTF-8"?>
<!-- Generated by org.testng.reporters.JUnitReportReporter -->
<testsuite hostname="Harry-Sindhia" failures="0" tests="2" name="seleniumFramework.SubmitOrderTest" time="151.962" errors="0" timestamp="2025-08-30T16:29:02 IST" skipped="0">
  <testcase classname="seleniumFramework.SubmitOrderTest" name="submitOrder" time="53.779"/>
  <testcase classname="seleniumFramework.SubmitOrderTest" name="submitOrder" time="98.183"/>
</testsuite> <!-- seleniumFramework.SubmitOrderTest -->
